09:48:42.263 [main] DEBUG c.i.karate.cucumber.CucumberRunner - init test class: class examples.demo.test
09:48:42.395 [main] DEBUG c.i.karate.cucumber.CucumberRunner - loading feature: /Users/sahabt/Desktop/apiTesting/karateDemo/target/test-classes/examples/demo/demo.feature
09:48:43.201 [main] INFO  com.intuit.karate.ScriptBridge - karate.env system property was: null 
09:48:44.854 [main] DEBUG com.intuit.karate.StepDefs - response time in milliseconds: 1492
09:54:47.059 [main] DEBUG c.i.karate.cucumber.CucumberRunner - init test class: class examples.demo.test
09:54:47.169 [main] DEBUG c.i.karate.cucumber.CucumberRunner - loading feature: /Users/sahabt/Desktop/apiTesting/karateDemo/target/test-classes/examples/demo/demo.feature
09:54:47.926 [main] INFO  com.intuit.karate.ScriptBridge - karate.env system property was: null 
09:54:49.014 [main] DEBUG com.intuit.karate.StepDefs - response time in milliseconds: 917
09:54:49.113 [main] INFO  com.intuit.karate.ScriptBridge - karate.env system property was: null 
09:56:21.304 [main] DEBUG c.i.karate.cucumber.CucumberRunner - init test class: class examples.demo.test
09:56:21.414 [main] DEBUG c.i.karate.cucumber.CucumberRunner - loading feature: /Users/sahabt/Desktop/apiTesting/karateDemo/target/test-classes/examples/demo/demo.feature
09:56:22.077 [main] INFO  com.intuit.karate.ScriptBridge - karate.env system property was: null 
09:56:23.293 [main] DEBUG com.intuit.karate.StepDefs - response time in milliseconds: 1055
09:56:23.399 [main] INFO  com.intuit.karate.ScriptBridge - karate.env system property was: null 
09:57:44.241 [main] DEBUG c.i.karate.cucumber.CucumberRunner - init test class: class examples.demo.test
09:57:44.352 [main] DEBUG c.i.karate.cucumber.CucumberRunner - loading feature: /Users/sahabt/Desktop/apiTesting/karateDemo/target/test-classes/examples/demo/demo.feature
09:57:45.023 [main] INFO  com.intuit.karate.ScriptBridge - karate.env system property was: null 
09:57:46.259 [main] DEBUG com.intuit.karate.StepDefs - response time in milliseconds: 1072
09:57:46.359 [main] INFO  com.intuit.karate.ScriptBridge - karate.env system property was: null 
09:57:47.303 [main] DEBUG com.intuit.karate.StepDefs - response time in milliseconds: 936
10:04:02.996 [main] DEBUG c.i.karate.cucumber.CucumberRunner - init test class: class examples.demo.test
10:04:03.104 [main] DEBUG c.i.karate.cucumber.CucumberRunner - loading feature: /Users/sahabt/Desktop/apiTesting/karateDemo/target/test-classes/examples/demo/demo.feature
10:04:03.852 [main] INFO  com.intuit.karate.ScriptBridge - karate.env system property was: null 
10:04:05.055 [main] DEBUG com.intuit.karate.StepDefs - response time in milliseconds: 1033
10:04:05.150 [main] INFO  com.intuit.karate.ScriptBridge - karate.env system property was: null 
10:04:05.978 [main] DEBUG com.intuit.karate.StepDefs - response time in milliseconds: 820
10:04:06.045 [main] INFO  com.intuit.karate.ScriptBridge - karate.env system property was: null 
10:04:54.454 [main] DEBUG c.i.karate.cucumber.CucumberRunner - init test class: class examples.demo.test
10:04:54.566 [main] DEBUG c.i.karate.cucumber.CucumberRunner - loading feature: /Users/sahabt/Desktop/apiTesting/karateDemo/target/test-classes/examples/demo/demo.feature
10:04:55.254 [main] INFO  com.intuit.karate.ScriptBridge - karate.env system property was: null 
10:04:56.625 [main] DEBUG com.intuit.karate.StepDefs - response time in milliseconds: 1195
10:04:56.729 [main] INFO  com.intuit.karate.ScriptBridge - karate.env system property was: null 
10:04:57.997 [main] DEBUG com.intuit.karate.StepDefs - response time in milliseconds: 1260
10:04:58.053 [main] INFO  com.intuit.karate.ScriptBridge - karate.env system property was: null 
10:19:22.902 [main] DEBUG c.i.karate.cucumber.CucumberRunner - init test class: class examples.demo.test
10:19:23.021 [main] DEBUG c.i.karate.cucumber.CucumberRunner - loading feature: /Users/sahabt/Desktop/apiTesting/karateDemo/target/test-classes/examples/demo/demo.feature
10:19:23.763 [main] INFO  com.intuit.karate.ScriptBridge - karate.env system property was: null 
10:19:24.688 [main] DEBUG com.intuit.karate.StepDefs - response time in milliseconds: 753
10:19:24.784 [main] INFO  com.intuit.karate.ScriptBridge - karate.env system property was: null 
10:19:25.399 [main] DEBUG com.intuit.karate.StepDefs - response time in milliseconds: 607
10:19:25.457 [main] INFO  com.intuit.karate.ScriptBridge - karate.env system property was: null 
10:20:23.048 [main] DEBUG c.i.karate.cucumber.CucumberRunner - init test class: class examples.demo.test
10:20:23.170 [main] DEBUG c.i.karate.cucumber.CucumberRunner - loading feature: /Users/sahabt/Desktop/apiTesting/karateDemo/target/test-classes/examples/demo/demo.feature
10:20:23.842 [main] INFO  com.intuit.karate.ScriptBridge - karate.env system property was: null 
10:20:24.670 [main] DEBUG com.intuit.karate.StepDefs - response time in milliseconds: 671
10:20:24.770 [main] INFO  com.intuit.karate.ScriptBridge - karate.env system property was: null 
10:20:25.509 [main] DEBUG com.intuit.karate.StepDefs - response time in milliseconds: 731
10:20:25.587 [main] INFO  com.intuit.karate.ScriptBridge - karate.env system property was: null 
10:20:26.123 [main] DEBUG com.intuit.karate.StepDefs - response time in milliseconds: 528
10:20:26.125 [main] ERROR com.intuit.karate.StepDefs - FAILED, status code was 404, expected 200
10:20:41.612 [main] DEBUG c.i.karate.cucumber.CucumberRunner - init test class: class examples.demo.test
10:20:41.719 [main] DEBUG c.i.karate.cucumber.CucumberRunner - loading feature: /Users/sahabt/Desktop/apiTesting/karateDemo/target/test-classes/examples/demo/demo.feature
10:20:42.382 [main] INFO  com.intuit.karate.ScriptBridge - karate.env system property was: null 
10:20:43.244 [main] DEBUG com.intuit.karate.StepDefs - response time in milliseconds: 692
10:20:43.344 [main] INFO  com.intuit.karate.ScriptBridge - karate.env system property was: null 
10:20:43.817 [main] DEBUG com.intuit.karate.StepDefs - response time in milliseconds: 465
10:20:43.887 [main] INFO  com.intuit.karate.ScriptBridge - karate.env system property was: null 
10:22:56.891 [main] DEBUG c.i.karate.cucumber.CucumberRunner - init test class: class examples.demo.test
10:22:57.004 [main] DEBUG c.i.karate.cucumber.CucumberRunner - loading feature: /Users/sahabt/Desktop/apiTesting/karateDemo/target/test-classes/examples/demo/demo.feature
10:22:57.886 [main] INFO  com.intuit.karate.ScriptBridge - karate.env system property was: null 
10:22:58.789 [main] DEBUG com.intuit.karate.StepDefs - response time in milliseconds: 677
10:22:58.890 [main] INFO  com.intuit.karate.ScriptBridge - karate.env system property was: null 
10:22:59.520 [main] DEBUG com.intuit.karate.StepDefs - response time in milliseconds: 615
10:22:59.596 [main] INFO  com.intuit.karate.ScriptBridge - karate.env system property was: null 
10:23:19.724 [main] DEBUG c.i.karate.cucumber.CucumberRunner - init test class: class examples.demo.test
10:23:19.844 [main] DEBUG c.i.karate.cucumber.CucumberRunner - loading feature: /Users/sahabt/Desktop/apiTesting/karateDemo/target/test-classes/examples/demo/demo.feature
10:23:20.511 [main] INFO  com.intuit.karate.ScriptBridge - karate.env system property was: null 
10:23:21.325 [main] DEBUG com.intuit.karate.StepDefs - response time in milliseconds: 637
10:23:21.427 [main] INFO  com.intuit.karate.ScriptBridge - karate.env system property was: null 
10:23:22.046 [main] DEBUG com.intuit.karate.StepDefs - response time in milliseconds: 600
10:23:22.107 [main] INFO  com.intuit.karate.ScriptBridge - karate.env system property was: null 
10:24:02.050 [main] DEBUG c.i.karate.cucumber.CucumberRunner - init test class: class examples.demo.test
10:24:02.160 [main] DEBUG c.i.karate.cucumber.CucumberRunner - loading feature: /Users/sahabt/Desktop/apiTesting/karateDemo/target/test-classes/examples/demo/demo.feature
10:24:02.814 [main] INFO  com.intuit.karate.ScriptBridge - karate.env system property was: null 
10:24:03.645 [main] DEBUG com.intuit.karate.StepDefs - response time in milliseconds: 651
10:24:03.738 [main] INFO  com.intuit.karate.ScriptBridge - karate.env system property was: null 
10:24:04.248 [main] DEBUG com.intuit.karate.StepDefs - response time in milliseconds: 496
10:24:04.303 [main] INFO  com.intuit.karate.ScriptBridge - karate.env system property was: null 
10:24:04.312 [main] WARN  com.intuit.karate.Script - no var found with name: resp
10:24:53.022 [main] DEBUG c.i.karate.cucumber.CucumberRunner - init test class: class examples.demo.test
10:24:53.139 [main] DEBUG c.i.karate.cucumber.CucumberRunner - loading feature: /Users/sahabt/Desktop/apiTesting/karateDemo/target/test-classes/examples/demo/demo.feature
10:24:53.805 [main] INFO  com.intuit.karate.ScriptBridge - karate.env system property was: null 
10:24:54.624 [main] DEBUG com.intuit.karate.StepDefs - response time in milliseconds: 644
10:24:54.726 [main] INFO  com.intuit.karate.ScriptBridge - karate.env system property was: null 
10:24:55.334 [main] DEBUG com.intuit.karate.StepDefs - response time in milliseconds: 595
10:24:55.396 [main] INFO  com.intuit.karate.ScriptBridge - karate.env system property was: null 
10:24:55.406 [main] WARN  com.intuit.karate.Script - no var found with name: resp
10:26:08.632 [main] DEBUG c.i.karate.cucumber.CucumberRunner - init test class: class examples.demo.test
10:26:08.743 [main] DEBUG c.i.karate.cucumber.CucumberRunner - loading feature: /Users/sahabt/Desktop/apiTesting/karateDemo/target/test-classes/examples/demo/demo.feature
10:26:09.395 [main] INFO  com.intuit.karate.ScriptBridge - karate.env system property was: null 
10:26:10.233 [main] DEBUG com.intuit.karate.StepDefs - response time in milliseconds: 657
10:26:10.333 [main] INFO  com.intuit.karate.ScriptBridge - karate.env system property was: null 
10:26:11.008 [main] DEBUG com.intuit.karate.StepDefs - response time in milliseconds: 661
10:26:11.080 [main] INFO  com.intuit.karate.ScriptBridge - karate.env system property was: null 
10:26:11.089 [main] WARN  com.intuit.karate.Script - no var found with name: resp
10:27:24.772 [main] DEBUG c.i.karate.cucumber.CucumberRunner - init test class: class examples.users.UsersRunner
10:27:24.882 [main] DEBUG c.i.karate.cucumber.CucumberRunner - loading feature: /Users/sahabt/Desktop/apiTesting/karateDemo/target/test-classes/examples/users/users.feature
10:27:25.610 [main] INFO  com.intuit.karate.ScriptBridge - karate.env system property was: null 
10:27:26.510 [main] DEBUG com.intuit.karate.StepDefs - response time in milliseconds: 698
10:27:26.660 [main] DEBUG com.intuit.karate.StepDefs - response time in milliseconds: 62
10:27:26.704 [main] INFO  com.intuit.karate.ScriptBridge - karate.env system property was: null 
10:27:27.296 [main] DEBUG com.intuit.karate.StepDefs - response time in milliseconds: 564
10:27:27.309 [main] INFO  com.intuit.karate.StepDefs - [print] created id is: 11
10:28:26.586 [main] DEBUG c.i.karate.cucumber.CucumberRunner - init test class: class examples.demo.test
10:28:26.707 [main] DEBUG c.i.karate.cucumber.CucumberRunner - loading feature: /Users/sahabt/Desktop/apiTesting/karateDemo/target/test-classes/examples/demo/demo.feature
10:28:27.386 [main] INFO  com.intuit.karate.ScriptBridge - karate.env system property was: null 
10:28:28.569 [main] DEBUG com.intuit.karate.StepDefs - response time in milliseconds: 994
10:28:28.675 [main] INFO  com.intuit.karate.ScriptBridge - karate.env system property was: null 
10:28:29.217 [main] DEBUG com.intuit.karate.StepDefs - response time in milliseconds: 529
10:28:29.270 [main] INFO  com.intuit.karate.ScriptBridge - karate.env system property was: null 
10:28:29.280 [main] WARN  com.intuit.karate.Script - no var found with name: users
10:28:41.104 [main] DEBUG c.i.karate.cucumber.CucumberRunner - init test class: class examples.demo.test
10:28:41.221 [main] DEBUG c.i.karate.cucumber.CucumberRunner - loading feature: /Users/sahabt/Desktop/apiTesting/karateDemo/target/test-classes/examples/demo/demo.feature
10:28:41.890 [main] INFO  com.intuit.karate.ScriptBridge - karate.env system property was: null 
10:28:43.377 [main] DEBUG com.intuit.karate.StepDefs - response time in milliseconds: 1314
10:28:43.493 [main] INFO  com.intuit.karate.ScriptBridge - karate.env system property was: null 
10:28:44.713 [main] DEBUG com.intuit.karate.StepDefs - response time in milliseconds: 1204
10:28:44.777 [main] INFO  com.intuit.karate.ScriptBridge - karate.env system property was: null 
10:28:44.789 [main] WARN  com.intuit.karate.Script - no var found with name: users
10:28:58.731 [main] DEBUG c.i.karate.cucumber.CucumberRunner - init test class: class examples.demo.test
10:28:58.845 [main] DEBUG c.i.karate.cucumber.CucumberRunner - loading feature: /Users/sahabt/Desktop/apiTesting/karateDemo/target/test-classes/examples/demo/demo.feature
10:28:59.493 [main] INFO  com.intuit.karate.ScriptBridge - karate.env system property was: null 
10:29:00.483 [main] DEBUG com.intuit.karate.StepDefs - response time in milliseconds: 817
10:29:00.580 [main] INFO  com.intuit.karate.ScriptBridge - karate.env system property was: null 
10:29:01.198 [main] DEBUG com.intuit.karate.StepDefs - response time in milliseconds: 603
10:29:01.268 [main] INFO  com.intuit.karate.ScriptBridge - karate.env system property was: null 
10:29:01.278 [main] WARN  com.intuit.karate.Script - no var found with name: users
10:29:09.261 [main] DEBUG c.i.karate.cucumber.CucumberRunner - init test class: class examples.demo.test
10:29:09.380 [main] DEBUG c.i.karate.cucumber.CucumberRunner - loading feature: /Users/sahabt/Desktop/apiTesting/karateDemo/target/test-classes/examples/demo/demo.feature
10:29:10.048 [main] INFO  com.intuit.karate.ScriptBridge - karate.env system property was: null 
10:29:10.906 [main] DEBUG com.intuit.karate.StepDefs - response time in milliseconds: 680
10:29:11.003 [main] INFO  com.intuit.karate.ScriptBridge - karate.env system property was: null 
10:29:11.546 [main] DEBUG com.intuit.karate.StepDefs - response time in milliseconds: 530
10:29:11.608 [main] INFO  com.intuit.karate.ScriptBridge - karate.env system property was: null 
10:30:42.619 [main] DEBUG c.i.karate.cucumber.CucumberRunner - init test class: class examples.demo.test
10:30:51.231 [main] DEBUG c.i.karate.cucumber.CucumberRunner - init test class: class examples.demo.test
10:30:51.345 [main] DEBUG c.i.karate.cucumber.CucumberRunner - loading feature: /Users/sahabt/Desktop/apiTesting/karateDemo/target/test-classes/examples/demo/demo.feature
10:30:52.017 [main] INFO  com.intuit.karate.ScriptBridge - karate.env system property was: null 
10:30:52.863 [main] DEBUG com.intuit.karate.StepDefs - response time in milliseconds: 669
10:30:52.965 [main] INFO  com.intuit.karate.ScriptBridge - karate.env system property was: null 
10:30:53.452 [main] DEBUG com.intuit.karate.StepDefs - response time in milliseconds: 474
10:30:53.509 [main] INFO  com.intuit.karate.ScriptBridge - karate.env system property was: null 
10:30:57.595 [main] DEBUG c.i.karate.cucumber.CucumberRunner - init test class: class examples.demo.test
10:30:57.703 [main] DEBUG c.i.karate.cucumber.CucumberRunner - loading feature: /Users/sahabt/Desktop/apiTesting/karateDemo/target/test-classes/examples/demo/demo.feature
10:30:58.390 [main] INFO  com.intuit.karate.ScriptBridge - karate.env system property was: null 
10:30:59.283 [main] DEBUG com.intuit.karate.StepDefs - response time in milliseconds: 700
10:30:59.386 [main] INFO  com.intuit.karate.ScriptBridge - karate.env system property was: null 
10:30:59.984 [main] DEBUG com.intuit.karate.StepDefs - response time in milliseconds: 581
10:31:00.054 [main] INFO  com.intuit.karate.ScriptBridge - karate.env system property was: null 
10:31:00.597 [main] DEBUG com.intuit.karate.StepDefs - response time in milliseconds: 529
10:31:00.599 [main] ERROR com.intuit.karate.StepDefs - FAILED, status code was 404, expected 200
10:33:02.944 [main] DEBUG c.i.karate.cucumber.CucumberRunner - init test class: class examples.demo.test
10:33:03.066 [main] DEBUG c.i.karate.cucumber.CucumberRunner - loading feature: /Users/sahabt/Desktop/apiTesting/karateDemo/target/test-classes/examples/demo/demo.feature
10:33:03.759 [main] INFO  com.intuit.karate.ScriptBridge - karate.env system property was: null 
10:33:04.622 [main] DEBUG com.intuit.karate.StepDefs - response time in milliseconds: 676
10:33:04.747 [main] INFO  com.intuit.karate.ScriptBridge - karate.env system property was: null 
10:33:05.354 [main] DEBUG com.intuit.karate.StepDefs - response time in milliseconds: 591
10:33:05.379 [main] INFO  com.intuit.karate.StepDefs - [print] {title=foo, body=bar, userId=1, id=101}
10:33:05.417 [main] INFO  com.intuit.karate.ScriptBridge - karate.env system property was: null 
10:33:55.488 [main] DEBUG c.i.karate.cucumber.CucumberRunner - init test class: class examples.demo.test
10:33:55.599 [main] DEBUG c.i.karate.cucumber.CucumberRunner - loading feature: /Users/sahabt/Desktop/apiTesting/karateDemo/target/test-classes/examples/demo/demo.feature
10:33:56.296 [main] INFO  com.intuit.karate.ScriptBridge - karate.env system property was: null 
10:33:57.195 [main] DEBUG com.intuit.karate.StepDefs - response time in milliseconds: 698
10:33:57.303 [main] INFO  com.intuit.karate.ScriptBridge - karate.env system property was: null 
10:33:57.854 [main] DEBUG com.intuit.karate.StepDefs - response time in milliseconds: 537
10:33:57.897 [main] INFO  com.intuit.karate.ScriptBridge - karate.env system property was: null 
10:33:58.139 [main] DEBUG com.intuit.karate.StepDefs - response time in milliseconds: 228
10:33:58.148 [main] ERROR com.intuit.karate.StepDefs - FAILED, path: $.title, actual: explicabo enim cumque porro aperiam occaecati minima, expected: delectus aut autem, reason: not equal
10:34:12.201 [main] DEBUG c.i.karate.cucumber.CucumberRunner - init test class: class examples.demo.test
10:34:12.314 [main] DEBUG c.i.karate.cucumber.CucumberRunner - loading feature: /Users/sahabt/Desktop/apiTesting/karateDemo/target/test-classes/examples/demo/demo.feature
10:34:13.001 [main] INFO  com.intuit.karate.ScriptBridge - karate.env system property was: null 
10:34:13.955 [main] DEBUG com.intuit.karate.StepDefs - response time in milliseconds: 771
10:34:14.068 [main] INFO  com.intuit.karate.ScriptBridge - karate.env system property was: null 
10:34:14.683 [main] DEBUG com.intuit.karate.StepDefs - response time in milliseconds: 600
10:34:14.731 [main] INFO  com.intuit.karate.ScriptBridge - karate.env system property was: null 
10:34:14.976 [main] DEBUG com.intuit.karate.StepDefs - response time in milliseconds: 231
10:34:49.455 [main] DEBUG c.i.karate.cucumber.CucumberRunner - init test class: class examples.demo.test
10:34:49.564 [main] DEBUG c.i.karate.cucumber.CucumberRunner - loading feature: /Users/sahabt/Desktop/apiTesting/karateDemo/target/test-classes/examples/demo/demo.feature
10:34:50.220 [main] INFO  com.intuit.karate.ScriptBridge - karate.env system property was: null 
10:34:51.084 [main] DEBUG com.intuit.karate.StepDefs - response time in milliseconds: 683
10:34:51.195 [main] INFO  com.intuit.karate.ScriptBridge - karate.env system property was: null 
10:34:51.812 [main] DEBUG com.intuit.karate.StepDefs - response time in milliseconds: 601
10:34:51.845 [main] INFO  com.intuit.karate.StepDefs - [print] {title=foo, body=bar, userId=1, id=101}
10:34:51.894 [main] INFO  com.intuit.karate.ScriptBridge - karate.env system property was: null 
10:35:34.556 [main] DEBUG c.i.karate.cucumber.CucumberRunner - init test class: class examples.demo.test
10:35:34.670 [main] DEBUG c.i.karate.cucumber.CucumberRunner - loading feature: /Users/sahabt/Desktop/apiTesting/karateDemo/target/test-classes/examples/demo/demo.feature
10:35:35.336 [main] INFO  com.intuit.karate.ScriptBridge - karate.env system property was: null 
10:35:36.152 [main] DEBUG com.intuit.karate.StepDefs - response time in milliseconds: 638
10:35:36.252 [main] INFO  com.intuit.karate.ScriptBridge - karate.env system property was: null 
10:35:36.877 [main] DEBUG com.intuit.karate.StepDefs - response time in milliseconds: 611
10:35:36.910 [main] INFO  com.intuit.karate.StepDefs - [print] {title=foo, body=bar, userId=1, id=101}
10:35:36.953 [main] INFO  com.intuit.karate.ScriptBridge - karate.env system property was: null 
10:36:50.198 [main] DEBUG c.i.karate.cucumber.CucumberRunner - init test class: class examples.demo.test
10:36:50.314 [main] DEBUG c.i.karate.cucumber.CucumberRunner - loading feature: /Users/sahabt/Desktop/apiTesting/karateDemo/target/test-classes/examples/demo/demo.feature
10:36:51.007 [main] INFO  com.intuit.karate.ScriptBridge - karate.env system property was: null 
10:36:51.847 [main] DEBUG com.intuit.karate.StepDefs - response time in milliseconds: 660
10:36:51.943 [main] INFO  com.intuit.karate.ScriptBridge - karate.env system property was: null 
10:36:52.396 [main] DEBUG com.intuit.karate.StepDefs - response time in milliseconds: 439
10:36:52.418 [main] INFO  com.intuit.karate.StepDefs - [print] {title=foo, body=bar, userId=1, id=101}
10:36:52.455 [main] INFO  com.intuit.karate.ScriptBridge - karate.env system property was: null 
10:36:52.465 [main] WARN  com.intuit.karate.Script - no var found with name: users
10:39:46.779 [main] DEBUG c.i.karate.cucumber.CucumberRunner - init test class: class examples.demo.test
10:39:46.897 [main] DEBUG c.i.karate.cucumber.CucumberRunner - loading feature: /Users/sahabt/Desktop/apiTesting/karateDemo/target/test-classes/examples/demo/demo.feature
10:39:47.559 [main] INFO  com.intuit.karate.ScriptBridge - karate.env system property was: null 
10:39:48.403 [main] DEBUG com.intuit.karate.StepDefs - response time in milliseconds: 672
10:39:48.501 [main] INFO  com.intuit.karate.ScriptBridge - karate.env system property was: null 
10:39:49.090 [main] DEBUG com.intuit.karate.StepDefs - response time in milliseconds: 577
10:39:49.146 [main] INFO  com.intuit.karate.ScriptBridge - karate.env system property was: null 
10:40:26.467 [main] DEBUG c.i.karate.cucumber.CucumberRunner - init test class: class examples.demo.test
10:40:26.579 [main] DEBUG c.i.karate.cucumber.CucumberRunner - loading feature: /Users/sahabt/Desktop/apiTesting/karateDemo/target/test-classes/examples/demo/demo.feature
10:40:27.241 [main] INFO  com.intuit.karate.ScriptBridge - karate.env system property was: null 
10:40:28.094 [main] DEBUG com.intuit.karate.StepDefs - response time in milliseconds: 659
10:40:28.191 [main] INFO  com.intuit.karate.ScriptBridge - karate.env system property was: null 
10:40:28.718 [main] DEBUG com.intuit.karate.StepDefs - response time in milliseconds: 514
10:40:28.786 [main] INFO  com.intuit.karate.ScriptBridge - karate.env system property was: null 
10:41:07.902 [main] DEBUG c.i.karate.cucumber.CucumberRunner - init test class: class examples.demo.test
10:41:08.022 [main] DEBUG c.i.karate.cucumber.CucumberRunner - loading feature: /Users/sahabt/Desktop/apiTesting/karateDemo/target/test-classes/examples/demo/demo.feature
10:41:08.706 [main] INFO  com.intuit.karate.ScriptBridge - karate.env system property was: null 
10:41:09.528 [main] DEBUG com.intuit.karate.StepDefs - response time in milliseconds: 649
10:41:09.624 [main] INFO  com.intuit.karate.ScriptBridge - karate.env system property was: null 
10:41:10.191 [main] DEBUG com.intuit.karate.StepDefs - response time in milliseconds: 551
10:41:10.251 [main] INFO  com.intuit.karate.ScriptBridge - karate.env system property was: null 
10:41:10.808 [main] DEBUG com.intuit.karate.StepDefs - response time in milliseconds: 547
10:41:10.810 [main] ERROR com.intuit.karate.StepDefs - FAILED, status code was 404, expected 200
10:58:26.047 [main] DEBUG c.i.karate.cucumber.CucumberRunner - init test class: class examples.demo.test
10:58:26.198 [main] DEBUG c.i.karate.cucumber.CucumberRunner - loading feature: /Users/sahabt/Desktop/apiTesting/karateDemo/target/test-classes/examples/demo/demo.feature
10:58:27.211 [main] INFO  com.intuit.karate.ScriptBridge - karate.env system property was: null 
10:58:28.704 [main] DEBUG com.intuit.karate.StepDefs - response time in milliseconds: 1149
10:58:28.875 [main] INFO  com.intuit.karate.ScriptBridge - karate.env system property was: null 
10:58:29.792 [main] DEBUG com.intuit.karate.StepDefs - response time in milliseconds: 855
10:58:29.922 [main] INFO  com.intuit.karate.ScriptBridge - karate.env system property was: null 
10:58:34.155 [main] DEBUG c.i.karate.cucumber.CucumberRunner - init test class: class examples.demo.test
10:58:34.349 [main] DEBUG c.i.karate.cucumber.CucumberRunner - loading feature: /Users/sahabt/Desktop/apiTesting/karateDemo/target/test-classes/examples/demo/demo.feature
10:58:35.625 [main] INFO  com.intuit.karate.ScriptBridge - karate.env system property was: null 
10:58:36.945 [main] DEBUG com.intuit.karate.StepDefs - response time in milliseconds: 1030
10:58:37.160 [main] INFO  com.intuit.karate.ScriptBridge - karate.env system property was: null 
10:58:37.754 [main] DEBUG com.intuit.karate.StepDefs - response time in milliseconds: 559
10:58:37.872 [main] INFO  com.intuit.karate.ScriptBridge - karate.env system property was: null 
11:14:12.153 [main] DEBUG c.i.karate.cucumber.CucumberRunner - init test class: class examples.demo.test
11:14:12.262 [main] DEBUG c.i.karate.cucumber.CucumberRunner - loading feature: /Users/sahabt/Desktop/apiTesting/karateDemo/target/test-classes/examples/demo/demo.feature
11:14:12.921 [main] INFO  com.intuit.karate.ScriptBridge - karate.env system property was: null 
11:14:13.834 [main] DEBUG com.intuit.karate.StepDefs - response time in milliseconds: 735
11:14:13.936 [main] INFO  com.intuit.karate.ScriptBridge - karate.env system property was: null 
11:14:14.357 [main] DEBUG com.intuit.karate.StepDefs - response time in milliseconds: 406
11:14:14.422 [main] INFO  com.intuit.karate.ScriptBridge - karate.env system property was: null 
11:14:43.633 [main] DEBUG c.i.karate.cucumber.CucumberRunner - init test class: class examples.demo.test
11:14:43.760 [main] DEBUG c.i.karate.cucumber.CucumberRunner - loading feature: /Users/sahabt/Desktop/apiTesting/karateDemo/target/test-classes/examples/demo/demo.feature
11:14:44.442 [main] INFO  com.intuit.karate.ScriptBridge - karate.env system property was: null 
11:14:45.278 [main] DEBUG com.intuit.karate.StepDefs - response time in milliseconds: 667
11:14:45.379 [main] INFO  com.intuit.karate.ScriptBridge - karate.env system property was: null 
11:14:45.954 [main] DEBUG com.intuit.karate.StepDefs - response time in milliseconds: 559
11:14:46.014 [main] INFO  com.intuit.karate.ScriptBridge - karate.env system property was: null 
11:14:46.252 [main] DEBUG com.intuit.karate.StepDefs - response time in milliseconds: 228
11:15:55.177 [main] DEBUG c.i.karate.cucumber.CucumberRunner - init test class: class examples.demo.test
11:15:55.294 [main] DEBUG c.i.karate.cucumber.CucumberRunner - loading feature: /Users/sahabt/Desktop/apiTesting/karateDemo/target/test-classes/examples/demo/demo.feature
11:15:55.943 [main] INFO  com.intuit.karate.ScriptBridge - karate.env system property was: null 
11:15:56.792 [main] DEBUG com.intuit.karate.StepDefs - response time in milliseconds: 671
11:15:56.889 [main] INFO  com.intuit.karate.ScriptBridge - karate.env system property was: null 
11:15:57.840 [main] DEBUG com.intuit.karate.StepDefs - response time in milliseconds: 938
11:15:57.930 [main] DEBUG com.intuit.karate.StepDefs - response time in milliseconds: 54
